[05.17.22 12:41:41 pm] C:\Program Files (x86)\Embarcadero\Studio\21.0\bin\LicenseManager.exe -silentUpdate

[05.17.22 12:41:41 pm] Looking for license INI file:C:\Program Files (x86)\Embarcadero\Studio\21.0\bin\cglm.ini

[05.17.22 12:41:41 pm] INI file located.

[05.17.22 12:41:41 pm] Initializing LicenseManager.exe
[05.17.22 12:41:41 pm] License Repository Directory:C:\ProgramData\Embarcadero\
[05.17.22 12:41:41 pm] Default License Directory:C:\Program Files (x86)\Embarcadero\Studio\21.0\bin\\..\License
[05.17.22 12:41:41 pm] Root Directory:C:\Program Files (x86)\Embarcadero\Studio\21.0\bin\\..
[05.17.22 12:41:41 pm] License Dir Exists: True
[05.17.22 12:41:41 pm] Root Dir Exists: True
[05.17.22 12:41:41 pm] Default Dir Exists: False
[05.17.22 12:41:41 pm] ProductId:-1 - SkuId:-1

[05.17.22 12:41:42 pm] C:\Program Files (x86)\Embarcadero\Studio\21.0\bin\LicenseManager.exe -reg simple

[05.17.22 12:41:42 pm] Looking for license INI file:C:\Program Files (x86)\Embarcadero\Studio\21.0\bin\cglm.ini

[05.17.22 12:41:42 pm] INI file located.

[05.17.22 12:41:42 pm] Initializing LicenseManager.exe
[05.17.22 12:41:42 pm] License Repository Directory:C:\ProgramData\Embarcadero\
[05.17.22 12:41:42 pm] Default License Directory:C:\Program Files (x86)\Embarcadero\Studio\21.0\bin\\..\License
[05.17.22 12:41:42 pm] Root Directory:C:\Program Files (x86)\Embarcadero\Studio\21.0\bin\\..
[05.17.22 12:41:42 pm] License Dir Exists: True
[05.17.22 12:41:42 pm] Root Dir Exists: True
[05.17.22 12:41:42 pm] Default Dir Exists: True
[05.17.22 12:41:42 pm] ProductId:-1 - SkuId:-1

[05.17.22 12:43:04 pm] C:\Program Files (x86)\Embarcadero\Studio\21.0\bin\LicenseManager.exe -silentUpdate

[05.17.22 12:43:04 pm] Looking for license INI file:C:\Program Files (x86)\Embarcadero\Studio\21.0\bin\cglm.ini

[05.17.22 12:43:04 pm] INI file located.

[05.17.22 12:43:04 pm] Initializing LicenseManager.exe
[05.17.22 12:43:04 pm] License Repository Directory:C:\ProgramData\Embarcadero\
[05.17.22 12:43:04 pm] Default License Directory:C:\Program Files (x86)\Embarcadero\Studio\21.0\bin\\..\License
[05.17.22 12:43:04 pm] Root Directory:C:\Program Files (x86)\Embarcadero\Studio\21.0\bin\\..
[05.17.22 12:43:04 pm] License Dir Exists: True
[05.17.22 12:43:04 pm] Root Dir Exists: True
[05.17.22 12:43:04 pm] Default Dir Exists: True
[05.17.22 12:43:04 pm] ProductId:-1 - SkuId:-1

[05.17.22 12:43:05 pm] C:\Program Files (x86)\Embarcadero\Studio\21.0\bin\LicenseManager.exe -reg simple

[05.17.22 12:43:05 pm] Looking for license INI file:C:\Program Files (x86)\Embarcadero\Studio\21.0\bin\cglm.ini

[05.17.22 12:43:05 pm] INI file located.

[05.17.22 12:43:05 pm] Initializing LicenseManager.exe
[05.17.22 12:43:05 pm] License Repository Directory:C:\ProgramData\Embarcadero\
[05.17.22 12:43:05 pm] Default License Directory:C:\Program Files (x86)\Embarcadero\Studio\21.0\bin\\..\License
[05.17.22 12:43:05 pm] Root Directory:C:\Program Files (x86)\Embarcadero\Studio\21.0\bin\\..
[05.17.22 12:43:05 pm] License Dir Exists: True
[05.17.22 12:43:05 pm] Root Dir Exists: True
[05.17.22 12:43:05 pm] Default Dir Exists: True
[05.17.22 12:43:05 pm] ProductId:-1 - SkuId:-1

