[05.17.22 12:41 PM ]Both license storage C:\ProgramData\Embarcadero\.licenses\.cg_license and backup file are missing. Will create new ones.
[05.17.22 12:41 PM ]----------------------------------------
[05.17.22 12:41 PM ]Operating System: Windows
[05.17.22 12:41 PM ]Current User: Hz
[05.17.22 12:41 PM ]System Registration Key: 9663192
[05.17.22 12:41 PM ]Node Lock: 3VX6
[05.17.22 12:41 PM ]
[05.17.22 12:41 PM ]----------------------------------------
[05.17.22 12:41 PM ]----------------------------------------
[05.17.22 12:41 PM ]Operating System: Windows
[05.17.22 12:41 PM ]Current User: Hz
[05.17.22 12:41 PM ]System Registration Key: 9663192
[05.17.22 12:41 PM ]Node Lock: 3VX6
[05.17.22 12:41 PM ]
[05.17.22 12:41 PM ]----------------------------------------
[05.17.22 12:41 PM ]----------------------------------------
[05.17.22 12:41 PM ]Operating System: Windows
[05.17.22 12:41 PM ]Current User: Hz
[05.17.22 12:41 PM ]System Registration Key: 9663192
[05.17.22 12:41 PM ]Node Lock: 3VX6
[05.17.22 12:41 PM ]
[05.17.22 12:41 PM ]----------------------------------------
[05.17.22 12:41 PM ]----------------------------------------
[05.17.22 12:41 PM ]Operating System: Windows
[05.17.22 12:41 PM ]Current User: Hz
[05.17.22 12:41 PM ]System Registration Key: 9663192
[05.17.22 12:41 PM ]Node Lock: 3VX6
[05.17.22 12:41 PM ]
[05.17.22 12:41 PM ]----------------------------------------
[05.17.22 12:41 PM ]----------------------------------------
[05.17.22 12:41 PM ]Operating System: Windows
[05.17.22 12:41 PM ]Current User: Hz
[05.17.22 12:41 PM ]System Registration Key: 9663192
[05.17.22 12:41 PM ]Node Lock: 3VX6
[05.17.22 12:41 PM ]
[05.17.22 12:41 PM ]----------------------------------------
[05.17.22 12:41 PM ]----------------------------------------
[05.17.22 12:41 PM ]Operating System: Windows
[05.17.22 12:41 PM ]Current User: Hz
[05.17.22 12:41 PM ]System Registration Key: 9663192
[05.17.22 12:41 PM ]Node Lock: 3VX6
[05.17.22 12:41 PM ]
[05.17.22 12:41 PM ]----------------------------------------
[05.17.22 12:41 PM ]----------------------------------------
[05.17.22 12:41 PM ]Operating System: Windows
[05.17.22 12:41 PM ]Current User: Hz
[05.17.22 12:41 PM ]System Registration Key: 9663192
[05.17.22 12:41 PM ]Node Lock: 3VX6
[05.17.22 12:41 PM ]
[05.17.22 12:41 PM ]----------------------------------------
[05.17.22 12:41 PM ]----------------------------------------
[05.17.22 12:41 PM ]Operating System: Windows
[05.17.22 12:41 PM ]Current User: Hz
[05.17.22 12:41 PM ]System Registration Key: 9663192
[05.17.22 12:41 PM ]Node Lock: 3VX6
[05.17.22 12:41 PM ]
[05.17.22 12:41 PM ]----------------------------------------
[05.17.22 12:41 PM ]----------------------------------------
[05.17.22 12:41 PM ]Operating System: Windows
[05.17.22 12:41 PM ]Current User: Hz
[05.17.22 12:41 PM ]System Registration Key: 9663192
[05.17.22 12:41 PM ]Node Lock: 3VX6
[05.17.22 12:41 PM ]
[05.17.22 12:41 PM ]----------------------------------------
[05.17.22 12:42 PM ]----------------------------------------
[05.17.22 12:42 PM ]Operating System: Windows
[05.17.22 12:42 PM ]Current User: Hz
[05.17.22 12:42 PM ]System Registration Key: 9663192
[05.17.22 12:42 PM ]Node Lock: 3VX6
[05.17.22 12:42 PM ]
[05.17.22 12:42 PM ]----------------------------------------
[05.17.22 12:43 PM ]----------------------------------------
[05.17.22 12:43 PM ]Operating System: Windows
[05.17.22 12:43 PM ]Current User: Hz
[05.17.22 12:43 PM ]System Registration Key: 9663192
[05.17.22 12:43 PM ]Node Lock: 3VX6
[05.17.22 12:43 PM ]
[05.17.22 12:43 PM ]----------------------------------------
[05.17.22 12:43 PM ]----------------------------------------
[05.17.22 12:43 PM ]Operating System: Windows
[05.17.22 12:43 PM ]Current User: Hz
[05.17.22 12:43 PM ]System Registration Key: 9663192
[05.17.22 12:43 PM ]Node Lock: 3VX6
[05.17.22 12:43 PM ]
[05.17.22 12:43 PM ]----------------------------------------
[05.17.22 12:43 PM ]----------------------------------------
[05.17.22 12:43 PM ]Operating System: Windows
[05.17.22 12:43 PM ]Current User: Hz
[05.17.22 12:43 PM ]System Registration Key: 9663192
[05.17.22 12:43 PM ]Node Lock: 3VX6
[05.17.22 12:43 PM ]
[05.17.22 12:43 PM ]----------------------------------------
[05.17.22 12:43 PM ]----------------------------------------
[05.17.22 12:43 PM ]Operating System: Windows
[05.17.22 12:43 PM ]Current User: Hz
[05.17.22 12:43 PM ]System Registration Key: 9663192
[05.17.22 12:43 PM ]Node Lock: 3VX6
[05.17.22 12:43 PM ]
[05.17.22 12:43 PM ]----------------------------------------
[05.17.22 12:43 PM ]----------------------------------------
[05.17.22 12:43 PM ]Operating System: Windows
[05.17.22 12:43 PM ]Current User: Hz
[05.17.22 12:43 PM ]System Registration Key: 9663192
[05.17.22 12:43 PM ]Node Lock: 3VX6
[05.17.22 12:43 PM ]
[05.17.22 12:43 PM ]----------------------------------------
[05.17.22 12:43 PM ]----------------------------------------
[05.17.22 12:43 PM ]Operating System: Windows
[05.17.22 12:43 PM ]Current User: Hz
[05.17.22 12:43 PM ]System Registration Key: 9663192
[05.17.22 12:43 PM ]Node Lock: 3VX6
[05.17.22 12:43 PM ]
[05.17.22 12:43 PM ]----------------------------------------
[05.17.22 12:43 PM ]----------------------------------------
[05.17.22 12:43 PM ]Operating System: Windows
[05.17.22 12:43 PM ]Current User: Hz
[05.17.22 12:43 PM ]System Registration Key: 9663192
[05.17.22 12:43 PM ]Node Lock: 3VX6
[05.17.22 12:43 PM ]
[05.17.22 12:43 PM ]----------------------------------------
[05.17.22 12:43 PM ]----------------------------------------
[05.17.22 12:43 PM ]Operating System: Windows
[05.17.22 12:43 PM ]Current User: Hz
[05.17.22 12:43 PM ]System Registration Key: 9663192
[05.17.22 12:43 PM ]Node Lock: 3VX6
[05.17.22 12:43 PM ]
[05.17.22 12:43 PM ]----------------------------------------
[05.17.22 12:43 PM ]----------------------------------------
[05.17.22 12:43 PM ]Operating System: Windows
[05.17.22 12:43 PM ]Current User: Hz
[05.17.22 12:43 PM ]System Registration Key: 9663192
[05.17.22 12:43 PM ]Node Lock: 3VX6
[05.17.22 12:43 PM ]
[05.17.22 12:43 PM ]----------------------------------------
[05.17.22 12:45 PM ]----------------------------------------
[05.17.22 12:45 PM ]Operating System: Windows
[05.17.22 12:45 PM ]Current User: Hz
[05.17.22 12:45 PM ]System Registration Key: 9663192
[05.17.22 12:45 PM ]Node Lock: 3VX6
[05.17.22 12:45 PM ]
[05.17.22 12:45 PM ]----------------------------------------
